
[34minfo[39m: GET en /api/users - 7/8/2023
[34minfo[39m: GET en /api/users/646ee1aafb3f12de45312070 - 7/8/2023
[34minfo[39m: POST en /api/users/646ee1aafb3f12de45312070/documents - 7/8/2023
[34minfo[39m: POST en /api/users/646ee1aafb3f12de45312070/documents - 7/8/2023
[34minfo[39m: POST en /api/users/646ee1aafb3f12de45312070/documents - 7/8/2023
[34minfo[39m: POST en /api/users/646ee1aafb3f12de45312070/documents - 7/8/2023
[34minfo[39m: POST en /api/users/646ee1aafb3f12de45312070/documents - 7/8/2023
[34minfo[39m: POST en /api/users/646ee1aafb3f12de45312070/documents - 7/8/2023
[34minfo[39m: POST en /api/users/646ee1aafb3f12de45312070/documents - 7/8/2023
[34minfo[39m: POST en /api/users/646ee1aafb3f12de45312070/documents - 7/8/2023
[34minfo[39m: POST en /api/users/646ee1aafb3f12de45312070/documents - 7/8/2023
[34minfo[39m: POST en /api/users/646ee1aafb3f12de45312070/documents - 7/8/2023
[34minfo[39m: POST en /api/users/646ee1aafb3f12de45312070/documents - 7/8/2023
[34minfo[39m: POST en /api/users/646ee1aafb3f12de45312070/documents - 7/8/2023
[34minfo[39m: POST en /api/users/646ee1aafb3f12de45312070/documents - 7/8/2023
[34minfo[39m: POST en /api/users/646ee1aafb3f12de45312070/documents - 7/8/2023
[34minfo[39m: GET en /api/users/ - 7/8/2023
[34minfo[39m: GET en /api/users/ - 7/8/2023
[34minfo[39m: POST en /api/users/646ee1aafb3f12de45312070/documents - 7/8/2023
[34minfo[39m: POST en /api/users/646ee1aafb3f12de45312070/documents - 7/8/2023
[34minfo[39m: POST en /api/users/646ee1aafb3f12de45312070/documents - 7/8/2023
[34minfo[39m: POST en /api/users/646ee1aafb3f12de45312070/documents - 7/8/2023
[34minfo[39m: POST en /api/users/646ee1aafb3f12de45312070/documents - 7/8/2023
[34minfo[39m: POST en /api/users/646ee1aafb3f12de45312070/documents - 7/8/2023
[34minfo[39m: POST en /api/users/646ee1aafb3f12de45312070/documents - 7/8/2023
[34minfo[39m: POST en /api/users/646ee1aafb3f12de45312070/documents - 7/8/2023
[34minfo[39m: POST en /api/users/646ee1aafb3f12de45312070/documents - 7/8/2023
[34minfo[39m: POST en /api/users/646ee1aafb3f12de45312070/documents - 7/8/2023
[34minfo[39m: POST en /api/users/646ee1aafb3f12de45312070/documents - 7/8/2023
[34minfo[39m: POST en /api/users/646ee1aafb3f12de45312070/documents - 7/8/2023
[34minfo[39m: POST en /api/users/646ee1aafb3f12de45312070/documents - 7/8/2023
[34minfo[39m: POST en /api/users/646ee1aafb3f12de45312070/documents - 7/8/2023
[34minfo[39m: POST en /api/users/646ee1aafb3f12de45312070/documents - 7/8/2023
[34minfo[39m: POST en /api/users/646ee1aafb3f12de45312070/documents - 7/8/2023
[34minfo[39m: POST en /api/users/646ee1aafb3f12de45312070/documents - 7/8/2023
[34minfo[39m: POST en /api/users/646ee1aafb3f12de45312070/documents - 7/8/2023
[34minfo[39m: POST en /api/users/646ee1aafb3f12de45312070/documents - 7/8/2023
[34minfo[39m: POST en /api/sessions/login - 7/8/2023
[34minfo[39m: POST en /api/products - 7/8/2023
[34minfo[39m: POST en /api/products - 7/8/2023
[34minfo[39m: POST en /api/users/646ee1aafb3f12de45312070/documents - 7/8/2023
[34minfo[39m: POST en /api/users/646ee1aafb3f12de45312070/documents - 7/8/2023
[34minfo[39m: POST en /api/users/646ee1aafb3f12de45312070/documents - 7/8/2023
[34minfo[39m: POST en /api/users/646ee1aafb3f12de45312070/documents - 7/8/2023
[34minfo[39m: POST en /api/users/646ee1aafb3f12de45312070/documents - 7/8/2023
[34minfo[39m: POST en /api/users/646ee1aafb3f12de45312070/documents - 7/8/2023
[34minfo[39m: POST en /api/users/646ee1aafb3f12de45312070/documents - 7/8/2023
[34minfo[39m: POST en /api/users/646ee1aafb3f12de45312070/documents - 7/8/2023
[34minfo[39m: POST en /api/users/646ee1aafb3f12de45312070/documents - 7/8/2023
[34minfo[39m: POST en /api/users/646ee1aafb3f12de45312070/documents - 7/8/2023
[34minfo[39m: POST en /api/users/646ee1aafb3f12de45312070/documents - 7/8/2023
[34minfo[39m: POST en /api/users/646ee1aafb3f12de45312070/documents - 7/8/2023
[34minfo[39m: POST en /api/users/646ee1aafb3f12de45312070/documents - 7/8/2023
[34minfo[39m: POST en /api/users/646ee1aafb3f12de45312070/documents - 7/8/2023
[34minfo[39m: POST en /api/users/646ee1aafb3f12de45312070/documents - 7/8/2023
[34minfo[39m: POST en /api/users/646ee1aafb3f12de45312070/documents - 7/8/2023
[34minfo[39m: POST en /api/users/646ee1aafb3f12de45312070/documents - 7/8/2023
[34minfo[39m: POST en /api/sessions/login - 7/8/2023
[34minfo[39m: POST en /api/users/646ee1aafb3f12de45312070/documents - 7/8/2023
[34minfo[39m: GET en /documents/undefined - 7/8/2023
[34minfo[39m: POST en /api/users/646ee1aafb3f12de45312070/documents - 7/8/2023
[34minfo[39m: POST en /api/users/646ee1aafb3f12de45312070/documents - 7/8/2023
[34minfo[39m: GET en /api/users/ - 7/8/2023
[34minfo[39m: POST en /api/users/646ee1aafb3f12de45312070/documents - 7/8/2023
[34minfo[39m: POST en /api/users/646ee1aafb3f12de45312070/documents - 7/8/2023
[34minfo[39m: POST en /api/users/646ee1aafb3f12de45312070/documents - 7/8/2023
[34minfo[39m: POST en /api/users/646ee1aafb3f12de45312070/documents - 7/8/2023
[34minfo[39m: POST en /api/users/646ee1aafb3f12de45312070/documents - 7/8/2023
[34minfo[39m: POST en /api/users/646ee1aafb3f12de45312070/documents - 7/8/2023
[34minfo[39m: POST en /api/users/646ee1aafb3f12de45312070/documents - 7/8/2023
[34minfo[39m: POST en /api/users/646ee1aafb3f12de45312070/documents - 7/8/2023
[34minfo[39m: POST en /api/users/646ee1aafb3f12de45312070/documents - 7/8/2023
[34minfo[39m: GET en /login - 11/8/2023
[34minfo[39m: GET en /favicon.ico - 11/8/2023
[34minfo[39m: POST en /api/sessions/login - 11/8/2023
[34minfo[39m: GET en /current - 11/8/2023
[34minfo[39m: GET en /current - 11/8/2023
[34minfo[39m: GET en /current - 11/8/2023
[34minfo[39m: GET en /current - 11/8/2023
[34minfo[39m: GET en /current - 11/8/2023
[34minfo[39m: GET en /login - 11/8/2023
[34minfo[39m: POST en /api/sessions/login - 11/8/2023
[34minfo[39m: GET en /current - 11/8/2023
[34minfo[39m: GET en /current - 11/8/2023
[34minfo[39m: GET en /login - 11/8/2023
[34minfo[39m: POST en /api/sessions/login - 11/8/2023
[34minfo[39m: GET en /current - 11/8/2023
[34minfo[39m: GET en /current - 11/8/2023
[34minfo[39m: GET en /login - 11/8/2023
[34minfo[39m: GET en /current - 11/8/2023
[34minfo[39m: GET en /current - 11/8/2023
[34minfo[39m: GET en /current - 11/8/2023
[34minfo[39m: GET en /current - 11/8/2023
[34minfo[39m: GET en /login - 11/8/2023
[34minfo[39m: POST en /api/sessions/login - 11/8/2023
[34minfo[39m: GET en /register - 11/8/2023
[34minfo[39m: POST en /api/sessions/register - 11/8/2023
[34minfo[39m: GET en /failregister - 11/8/2023
[34minfo[39m: POST en /api/sessions/register - 11/8/2023
[34minfo[39m: GET en /failregister - 11/8/2023
[34minfo[39m: POST en /api/sessions/register - 11/8/2023
[34minfo[39m: POST en /api/sessions/register - 11/8/2023
[34minfo[39m: GET en /register - 11/8/2023
[34minfo[39m: POST en /api/sessions/register - 11/8/2023
[34minfo[39m: POST en /api/sessions/register - 11/8/2023
[34minfo[39m: GET en /login - 11/8/2023
[34minfo[39m: POST en /api/sessions/login - 11/8/2023
[34minfo[39m: GET en /current - 11/8/2023
[34minfo[39m: GET en /current - 11/8/2023
[34minfo[39m: GET en /current - 11/8/2023
[34minfo[39m: GET en /current - 11/8/2023
[34minfo[39m: GET en /current - 11/8/2023
[34minfo[39m: GET en /current - 11/8/2023
[34minfo[39m: GET en /login - 11/8/2023
[34minfo[39m: POST en /api/sessions/login - 11/8/2023
[34minfo[39m: GET en /current - 11/8/2023
[34minfo[39m: GET en /current - 11/8/2023
[34minfo[39m: GET en /login - 11/8/2023
[34minfo[39m: POST en /api/sessions/login - 11/8/2023
[34minfo[39m: GET en /current - 11/8/2023
[34minfo[39m: GET en /current - 11/8/2023
[34minfo[39m: POST en /api/sessions/login - 12/8/2023
[34minfo[39m: GET en /api/sessions/logout - 12/8/2023
[34minfo[39m: GET en /login - 12/8/2023
[34minfo[39m: GET en /products - 12/8/2023
[34minfo[39m: GET en /login - 12/8/2023
[34minfo[39m: GET en /login - 12/8/2023
[34minfo[39m: POST en /api/sessions/login - 12/8/2023
[34minfo[39m: GET en /favicon.ico - 12/8/2023
[34minfo[39m: GET en /products - 12/8/2023
[34minfo[39m: GET en /login - 12/8/2023
[34minfo[39m: GET en /current - 12/8/2023
[34minfo[39m: GET en /api/products - 12/8/2023
[34minfo[39m: GET en /api/sessions/logout - 12/8/2023
[34minfo[39m: GET en /login - 12/8/2023
[34minfo[39m: GET en /current - 12/8/2023
[34minfo[39m: GET en /login - 12/8/2023
[34minfo[39m: POST en /api/sessions/login - 12/8/2023
[34minfo[39m: GET en /current - 12/8/2023
[34minfo[39m: GET en /current - 12/8/2023
[34minfo[39m: GET en /login - 12/8/2023
[34minfo[39m: POST en /api/sessions/login - 12/8/2023
[34minfo[39m: GET en /current - 12/8/2023
[34minfo[39m: GET en /current - 12/8/2023
[34minfo[39m: GET en /api/sessions/logout - 12/8/2023
[34minfo[39m: GET en /login - 12/8/2023
[34minfo[39m: POST en /api/sessions/login - 12/8/2023
[34minfo[39m: GET en /current - 12/8/2023
[34minfo[39m: GET en /api/sessions/logout - 12/8/2023
[34minfo[39m: GET en /login - 12/8/2023
[34minfo[39m: POST en /api/users/64d6bf0e3a2eb373f15958c2/documents - 12/8/2023
[34minfo[39m: POST en /api/sessions/login - 12/8/2023
[34minfo[39m: POST en /api/users/64d6bf0e3a2eb373f15958c2/documents - 12/8/2023
[34minfo[39m: POST en /api/users/64d6bf0e3a2eb373f15958c2/documents - 12/8/2023
[34minfo[39m: POST en /api/users/64d6bf0e3a2eb373f15958c2/documents - 12/8/2023
[34minfo[39m: POST en /api/users/64d6bf0e3a2eb373f15958c2/documents - 12/8/2023
[34minfo[39m: POST en /api/users/64d6bf0e3a2eb373f15958c2/documents - 12/8/2023
[34minfo[39m: POST en /api/users/64d6bf0e3a2eb373f15958c2/documents - 12/8/2023
[34minfo[39m: POST en /api/users/64d6bf0e3a2eb373f15958c2/documents - 12/8/2023
[34minfo[39m: POST en /api/users/64d6bf0e3a2eb373f15958c2/documents - 12/8/2023
[34minfo[39m: POST en /api/users/64d6bf0e3a2eb373f15958c2/documents - 12/8/2023
[34minfo[39m: POST en /api/sessions/login - 12/8/2023
[34minfo[39m: POST en /api/users/64d6bf0e3a2eb373f15958c2/documents - 12/8/2023
[34minfo[39m: POST en /api/users/64d6bf0e3a2eb373f15958c2/documents - 12/8/2023
[34minfo[39m: POST en /api/users/64d6bf0e3a2eb373f15958c2/documents - 12/8/2023
[34minfo[39m: POST en /api/users/64d6bf0e3a2eb373f15958c2/documents - 12/8/2023
[34minfo[39m: POST en /api/users/64d6bf0e3a2eb373f15958c2/documents - 12/8/2023
[34minfo[39m: POST en /api/users/64d6bf0e3a2eb373f15958c2/documents - 12/8/2023
[34minfo[39m: POST en /api/users/64d6bf0e3a2eb373f15958c2/documents - 12/8/2023
[34minfo[39m: POST en /api/users/64d6bf0e3a2eb373f15958c2/documents - 12/8/2023
[34minfo[39m: POST en /api/users/64d6bf0e3a2eb373f15958c2/documents - 12/8/2023
[34minfo[39m: POST en /api/users/64d6bf0e3a2eb373f15958c2/documents - 12/8/2023
[34minfo[39m: POST en /api/users/64d6bf0e3a2eb373f15958c2/documents - 12/8/2023
[34minfo[39m: POST en /api/users/64d6bf0e3a2eb373f15958c2/documents - 12/8/2023
[34minfo[39m: POST en /api/users/64d6bf0e3a2eb373f15958c2/documents - 12/8/2023
[34minfo[39m: POST en /api/sessions/login - 12/8/2023
[34minfo[39m: POST en /api/users/64d6bf0e3a2eb373f15958c2/documents - 12/8/2023
[34minfo[39m: POST en /api/users/64d6bf0e3a2eb373f15958c2/documents - 12/8/2023
[34minfo[39m: POST en /api/users/64d6bf0e3a2eb373f15958c2/documents - 12/8/2023
[34minfo[39m: POST en /api/users/64d6bf0e3a2eb373f15958c2/documents - 12/8/2023
[34minfo[39m: POST en /api/users/64d6bf0e3a2eb373f15958c2/documents - 12/8/2023
[34minfo[39m: POST en /api/users/646ee1aafb3f12de45312070/documents - 12/8/2023
[34minfo[39m: POST en /api/users/64d6bf0e3a2eb373f15958c2/documents - 12/8/2023
[34minfo[39m: POST en /api/users/64d6bf0e3a2eb373f15958c2/documents - 12/8/2023
[34minfo[39m: POST en /api/users/64d6bf0e3a2eb373f15958c2/documents - 12/8/2023
[34minfo[39m: GET en /current - 12/8/2023
[34minfo[39m: GET en /login - 12/8/2023
[34minfo[39m: POST en /api/sessions/login - 12/8/2023
[34minfo[39m: GET en /current - 12/8/2023
[34minfo[39m: GET en /current - 12/8/2023
[34minfo[39m: GET en /current - 12/8/2023
[34minfo[39m: POST en /api/sessions/login - 12/8/2023
[34minfo[39m: GET en /login - 12/8/2023
[34minfo[39m: POST en /api/sessions/login - 12/8/2023
[34minfo[39m: POST en /api/sessions/login - 12/8/2023
[34minfo[39m: GET en /current - 12/8/2023
[34minfo[39m: GET en /current - 12/8/2023
[34minfo[39m: POST en /api/sessions/login - 12/8/2023
[34minfo[39m: GET en /current - 12/8/2023
[34minfo[39m: GET en /current - 14/8/2023
[34minfo[39m: GET en /login - 14/8/2023
[34minfo[39m: GET en /favicon.ico - 14/8/2023
[34minfo[39m: POST en /api/sessions/login - 14/8/2023
[34minfo[39m: GET en /current - 14/8/2023
[34minfo[39m: GET en /current - 14/8/2023
[34minfo[39m: GET en /current - 14/8/2023
[34minfo[39m: GET en /current - 14/8/2023
[34minfo[39m: GET en /[object%20Object],[object%20Object] - 14/8/2023
[34minfo[39m: POST en /api/sessions/login - 14/8/2023
[34minfo[39m: GET en /current - 14/8/2023
[34minfo[39m: GET en /[object%20Object],[object%20Object] - 14/8/2023
[34minfo[39m: GET en /current - 14/8/2023
[34minfo[39m: GET en /[object%20Object],[object%20Object] - 14/8/2023
[34minfo[39m: GET en /current - 14/8/2023
[34minfo[39m: GET en /[object%20Object],[object%20Object] - 14/8/2023
[34minfo[39m: GET en /current - 14/8/2023
[34minfo[39m: GET en /[object%20Object],[object%20Object] - 14/8/2023
[34minfo[39m: GET en /current - 14/8/2023
[34minfo[39m: GET en /[object%20Object],[object%20Object] - 14/8/2023
[34minfo[39m: GET en /current - 14/8/2023
[34minfo[39m: GET en /[object%20Object],[object%20Object] - 14/8/2023
[34minfo[39m: GET en /current - 14/8/2023
[34minfo[39m: GET en /[object%20Object],[object%20Object] - 14/8/2023
[34minfo[39m: GET en /current - 14/8/2023
[34minfo[39m: GET en /current - 14/8/2023
[34minfo[39m: GET en /alt=%22%22 - 14/8/2023
[34minfo[39m: GET en /current - 14/8/2023
[34minfo[39m: GET en /alt=%22%22 - 14/8/2023
[34minfo[39m: GET en /login - 14/8/2023
[34minfo[39m: GET en /current - 14/8/2023
[34minfo[39m: GET en /alt=%22%22 - 14/8/2023
[34minfo[39m: GET en /login - 14/8/2023
[34minfo[39m: GET en /current - 14/8/2023
[34minfo[39m: GET en /logout - 14/8/2023
[34minfo[39m: GET en /alt=%22%22 - 14/8/2023
[34minfo[39m: GET en /alt=%22%22 - 14/8/2023
[34minfo[39m: GET en /api/users/logut - 14/8/2023
[34minfo[39m: GET en /api/users/logout - 14/8/2023
[34minfo[39m: GET en /api/sessions/logout - 14/8/2023
[34minfo[39m: GET en /login - 14/8/2023
[34minfo[39m: POST en /api/sessions/login - 14/8/2023
[34minfo[39m: GET en /current - 14/8/2023
[34minfo[39m: GET en /alt=%22%22 - 14/8/2023
[34minfo[39m: GET en /current - 14/8/2023
[34minfo[39m: GET en /alt=%22%22 - 14/8/2023
[34minfo[39m: GET en /current - 14/8/2023
[34minfo[39m: GET en /alt=%22%22 - 14/8/2023
[34minfo[39m: GET en /current - 14/8/2023
[34minfo[39m: GET en /alt=%22%22 - 14/8/2023
[34minfo[39m: GET en /current - 14/8/2023
[34minfo[39m: GET en /alt=%22%22 - 14/8/2023
[34minfo[39m: GET en /current - 14/8/2023
[34minfo[39m: GET en /documents/1691882017754-expresso.jpg - 14/8/2023
[34minfo[39m: GET en /current - 14/8/2023
[34minfo[39m: GET en /documents/1691882017754-expresso.jpg - 14/8/2023
[34minfo[39m: GET en /current - 14/8/2023
[34minfo[39m: GET en /documents/1691882017754-expresso.jpg - 14/8/2023
[34minfo[39m: GET en /current - 14/8/2023
[34minfo[39m: GET en /documents/1691882017754-expresso.jpg - 14/8/2023
[34minfo[39m: POST en /api/users/64d6bf0e3a2eb373f15958c2/documents - 14/8/2023
[34minfo[39m: POST en /api/users/64d6bf0e3a2eb373f15958c2/documents - 14/8/2023
[34minfo[39m: POST en /api/users/64d6bf0e3a2eb373f15958c2/documents - 14/8/2023
[34minfo[39m: POST en /api/users/64d6bf0e3a2eb373f15958c2/documents - 14/8/2023
[34minfo[39m: POST en /api/users/64d6bf0e3a2eb373f15958c2/documents - 14/8/2023
[34minfo[39m: POST en /api/users/64d6bf0e3a2eb373f15958c2/documents - 14/8/2023
[34minfo[39m: GET en /current - 14/8/2023
[34minfo[39m: GET en /login - 14/8/2023
[34minfo[39m: GET en /api/sessions/github - 14/8/2023
[34minfo[39m: POST en /api/sessions/login - 14/8/2023
[34minfo[39m: GET en /current - 14/8/2023
[34minfo[39m: POST en /api/users/64d6bf0e3a2eb373f15958c2/documents - 14/8/2023
[34minfo[39m: POST en /api/users/64d6bf0e3a2eb373f15958c2/documents - 14/8/2023
[34minfo[39m: GET en /current - 14/8/2023
[34minfo[39m: GET en /login - 14/8/2023
[34minfo[39m: POST en /api/sessions/login - 14/8/2023
[34minfo[39m: GET en /current - 14/8/2023
[34minfo[39m: POST en /api/sessions/login - 14/8/2023
[34minfo[39m: GET en /current - 14/8/2023
[34minfo[39m: POST en /api/sessions/login - 14/8/2023
[34minfo[39m: POST en /api/sessions/login - 14/8/2023
[34minfo[39m: GET en /current - 14/8/2023
[34minfo[39m: POST en /api/users/64d6bf0e3a2eb373f15958c2/documents - 14/8/2023
[34minfo[39m: GET en /current - 14/8/2023
[34minfo[39m: POST en /api/sessions/login - 15/8/2023
[34minfo[39m: POST en /api/products - 15/8/2023
[34minfo[39m: GET en /api/products/ - 15/8/2023
[34minfo[39m: GET en /api/sessions/logout - 15/8/2023
[34minfo[39m: GET en /login - 15/8/2023
[34minfo[39m: POST en /api/sessions/login - 15/8/2023
[34minfo[39m: POST en /api/products - 15/8/2023
[34minfo[39m: POST en /api/products - 15/8/2023
[34minfo[39m: GET en /api/sessions/logout - 15/8/2023
[34minfo[39m: GET en /login - 15/8/2023
[34minfo[39m: GET en /current - 15/8/2023
[34minfo[39m: GET en /login - 15/8/2023
[34minfo[39m: GET en /favicon.ico - 15/8/2023
[34minfo[39m: POST en /api/sessions/login - 15/8/2023
[34minfo[39m: GET en /current - 15/8/2023
[34minfo[39m: GET en /current - 15/8/2023
[34minfo[39m: GET en /current - 15/8/2023
[34minfo[39m: GET en /current - 15/8/2023
[34minfo[39m: GET en /carts/648620fe3bcdccc40603426e - 15/8/2023
[34minfo[39m: POST en /api/carts/648620fe3bcdccc40603426e/product/64ce59efcac4836d097a9c1e - 15/8/2023
[34minfo[39m: GET en /login - 15/8/2023
[34minfo[39m: POST en /api/sessions/login - 15/8/2023
[34minfo[39m: POST en /api/carts/648620fe3bcdccc40603426e/product/64ce59efcac4836d097a9c1e - 15/8/2023
[34minfo[39m: POST en /api/carts/648620fe3bcdccc40603426e/product/64cd520aa3db7fcb7dc2e1f6 - 15/8/2023
[34minfo[39m: GET en /carts/648620fe3bcdccc40603426e - 15/8/2023
[34minfo[39m: GET en /current - 15/8/2023
[34minfo[39m: GET en /login - 15/8/2023
[34minfo[39m: GET en /favicon.ico - 15/8/2023
[34minfo[39m: POST en /api/sessions/login - 15/8/2023
[34minfo[39m: GET en /current - 15/8/2023
[34minfo[39m: GET en /current - 15/8/2023
[34minfo[39m: GET en /carts/648620fe3bcdccc40603426e - 15/8/2023
[34minfo[39m: GET en /carts/648620fe3bcdccc40603426e - 15/8/2023
[34minfo[39m: GET en /carts/648620fe3bcdccc40603426e - 15/8/2023
[34minfo[39m: GET en /carts/648620fe3bcdccc40603426e - 15/8/2023
[34minfo[39m: GET en /login - 15/8/2023
[34minfo[39m: POST en /api/sessions/login - 15/8/2023
[34minfo[39m: GET en /carts/648620fe3bcdccc40603426e - 15/8/2023
[34minfo[39m: POST en /api/sessions/login - 15/8/2023
[34minfo[39m: GET en /api/sessions/logout - 15/8/2023
[34minfo[39m: GET en /login - 15/8/2023
[34minfo[39m: POST en /api/sessions/login - 15/8/2023
[34minfo[39m: POST en /api/products - 15/8/2023
[34minfo[39m: POST en /api/products - 15/8/2023
[34minfo[39m: GET en /api/sessions/logout - 15/8/2023
[34minfo[39m: GET en /login - 15/8/2023
[34minfo[39m: GET en /api/products/ - 15/8/2023
[34minfo[39m: GET en /login - 15/8/2023
[34minfo[39m: POST en /api/sessions/login - 15/8/2023
[34minfo[39m: GET en /api/products/ - 15/8/2023
[34minfo[39m: POST en /api/carts/648620fe3bcdccc40603426e/product/64dc2258ff11fba69b29407f - 15/8/2023
[34minfo[39m: GET en /carts/648620fe3bcdccc40603426e - 15/8/2023
[34minfo[39m: GET en /carts/648620fe3bcdccc40603426e - 15/8/2023
[34minfo[39m: GET en /carts/648620fe3bcdccc40603426e - 15/8/2023
[34minfo[39m: GET en /carts/648620fe3bcdccc40603426e - 15/8/2023
[34minfo[39m: GET en /carts/648620fe3bcdccc40603426e - 15/8/2023
[34minfo[39m: GET en /carts/648620fe3bcdccc40603426e - 15/8/2023
[34minfo[39m: GET en /carts/648620fe3bcdccc40603426e - 15/8/2023
[34minfo[39m: GET en /carts/648620fe3bcdccc40603426e - 15/8/2023
[34minfo[39m: GET en /carts/alt=%22%22 - 15/8/2023
[34minfo[39m: GET en /carts/648620fe3bcdccc40603426e - 15/8/2023
[34minfo[39m: GET en /carts/648620fe3bcdccc40603426e - 15/8/2023
[34minfo[39m: GET en /carts/648620fe3bcdccc40603426e - 15/8/2023
[34minfo[39m: GET en /carts/648620fe3bcdccc40603426e - 15/8/2023
